
2020-04-30 10:22:50.453[] [SpringContextShutdownHook] [o.s.scheduling.concurrent.ThreadPoolTaskExecutor] 
INFO : Shutting down ExecutorService 'applicationTaskExecutor'

2020-04-30 10:22:50.467[] [SpringContextShutdownHook] [com.zaxxer.hikari.HikariDataSource] 
INFO : HikariPool-1 - Shutdown initiated...

2020-04-30 10:22:50.476[] [SpringContextShutdownHook] [com.zaxxer.hikari.HikariDataSource] 
INFO : HikariPool-1 - Shutdown completed.

2020-04-30 10:23:33.356[] [restartedMain] [com.shu.crm.CrmApplication] 
INFO : Starting CrmApplication on chanmingdeMacBook-Pro.local with PID 33264 (/Users/chanming/github/CRM/target/classes started by chanming in /Users/chanming/github/CRM)

2020-04-30 10:23:33.357[] [restartedMain] [com.shu.crm.CrmApplication] 
INFO : The following profiles are active: dev

2020-04-30 10:23:33.405[] [restartedMain] [o.s.b.d.env.DevToolsPropertyDefaultsPostProcessor] 
INFO : Devtools property defaults active! Set 'spring.devtools.add-properties' to 'false' to disable

2020-04-30 10:23:33.405[] [restartedMain] [o.s.b.d.env.DevToolsPropertyDefaultsPostProcessor] 
INFO : For additional web related logging consider setting the 'logging.level.web' property to 'DEBUG'

2020-04-30 10:23:34.545[] [restartedMain] [o.s.boot.web.embedded.tomcat.TomcatWebServer] 
INFO : Tomcat initialized with port(s): 8012 (http)

2020-04-30 10:23:34.555[] [restartedMain] [org.apache.coyote.http11.Http11NioProtocol] 
INFO : Initializing ProtocolHandler ["http-nio-8012"]

2020-04-30 10:23:34.556[] [restartedMain] [org.apache.catalina.core.StandardService] 
INFO : Starting service [Tomcat]

2020-04-30 10:23:34.556[] [restartedMain] [org.apache.catalina.core.StandardEngine] 
INFO : Starting Servlet engine: [Apache Tomcat/9.0.33]

2020-04-30 10:23:34.812[] [restartedMain] [org.apache.jasper.servlet.TldScanner] 
INFO : At least one JAR was scanned for TLDs yet contained no TLDs. Enable debug logging for this logger for a complete list of JARs that were scanned but no TLDs were found in them. Skipping unneeded JARs during scanning can improve startup time and JSP compilation time.

2020-04-30 10:23:34.816[] [restartedMain] [o.a.c.core.ContainerBase.[Tomcat].[localhost].[/]] 
INFO : Initializing Spring embedded WebApplicationContext

2020-04-30 10:23:34.817[] [restartedMain] [org.springframework.web.context.ContextLoader] 
INFO : Root WebApplicationContext: initialization completed in 1412 ms

2020-04-30 10:23:55.617[] [restartedMain] [o.s.scheduling.concurrent.ThreadPoolTaskExecutor] 
INFO : Initializing ExecutorService 'applicationTaskExecutor'

2020-04-30 10:23:56.014[] [restartedMain] [o.s.b.d.autoconfigure.OptionalLiveReloadServer] 
INFO : LiveReload server is running on port 35729

2020-04-30 10:23:56.044[] [restartedMain] [org.apache.coyote.http11.Http11NioProtocol] 
INFO : Starting ProtocolHandler ["http-nio-8012"]

2020-04-30 10:23:56.081[] [restartedMain] [o.s.boot.web.embedded.tomcat.TomcatWebServer] 
INFO : Tomcat started on port(s): 8012 (http) with context path ''

2020-04-30 10:23:56.085[] [restartedMain] [com.shu.crm.CrmApplication] 
INFO : Started CrmApplication in 44.299 seconds (JVM running for 52.747)

2020-04-30 10:25:11.244[] [http-nio-8012-exec-1] [o.a.c.core.ContainerBase.[Tomcat].[localhost].[/]] 
INFO : Initializing Spring DispatcherServlet 'dispatcherServlet'

2020-04-30 10:25:11.245[] [http-nio-8012-exec-1] [org.springframework.web.servlet.DispatcherServlet] 
INFO : Initializing Servlet 'dispatcherServlet'

2020-04-30 10:25:11.252[] [http-nio-8012-exec-1] [org.springframework.web.servlet.DispatcherServlet] 
INFO : Completed initialization in 7 ms

2020-04-30 10:25:11.362[] [http-nio-8012-exec-1] [com.zaxxer.hikari.HikariDataSource] 
INFO : HikariPool-1 - Starting...

2020-04-30 10:25:11.495[] [http-nio-8012-exec-1] [com.zaxxer.hikari.HikariDataSource] 
INFO : HikariPool-1 - Start completed.

2020-04-30 10:29:54.252[] [SpringContextShutdownHook] [o.s.scheduling.concurrent.ThreadPoolTaskExecutor] 
INFO : Shutting down ExecutorService 'applicationTaskExecutor'

2020-04-30 10:29:54.254[] [SpringContextShutdownHook] [com.zaxxer.hikari.HikariDataSource] 
INFO : HikariPool-1 - Shutdown initiated...

2020-04-30 10:29:54.266[] [SpringContextShutdownHook] [com.zaxxer.hikari.HikariDataSource] 
INFO : HikariPool-1 - Shutdown completed.

2020-04-30 10:30:23.231[] [restartedMain] [com.shu.crm.CrmApplication] 
INFO : Starting CrmApplication on chanmingdeMacBook-Pro.local with PID 33324 (/Users/chanming/github/CRM/target/classes started by chanming in /Users/chanming/github/CRM)

2020-04-30 10:30:23.232[] [restartedMain] [com.shu.crm.CrmApplication] 
INFO : The following profiles are active: dev

2020-04-30 10:30:23.271[] [restartedMain] [o.s.b.d.env.DevToolsPropertyDefaultsPostProcessor] 
INFO : Devtools property defaults active! Set 'spring.devtools.add-properties' to 'false' to disable

2020-04-30 10:30:23.271[] [restartedMain] [o.s.b.d.env.DevToolsPropertyDefaultsPostProcessor] 
INFO : For additional web related logging consider setting the 'logging.level.web' property to 'DEBUG'

2020-04-30 10:30:24.196[] [restartedMain] [o.s.boot.web.embedded.tomcat.TomcatWebServer] 
INFO : Tomcat initialized with port(s): 8012 (http)

2020-04-30 10:30:24.204[] [restartedMain] [org.apache.coyote.http11.Http11NioProtocol] 
INFO : Initializing ProtocolHandler ["http-nio-8012"]

2020-04-30 10:30:24.205[] [restartedMain] [org.apache.catalina.core.StandardService] 
INFO : Starting service [Tomcat]

2020-04-30 10:30:24.205[] [restartedMain] [org.apache.catalina.core.StandardEngine] 
INFO : Starting Servlet engine: [Apache Tomcat/9.0.33]

2020-04-30 10:30:24.424[] [restartedMain] [org.apache.jasper.servlet.TldScanner] 
INFO : At least one JAR was scanned for TLDs yet contained no TLDs. Enable debug logging for this logger for a complete list of JARs that were scanned but no TLDs were found in them. Skipping unneeded JARs during scanning can improve startup time and JSP compilation time.

2020-04-30 10:30:24.428[] [restartedMain] [o.a.c.core.ContainerBase.[Tomcat].[localhost].[/]] 
INFO : Initializing Spring embedded WebApplicationContext

2020-04-30 10:30:24.428[] [restartedMain] [org.springframework.web.context.ContextLoader] 
INFO : Root WebApplicationContext: initialization completed in 1157 ms

2020-04-30 10:30:45.056[] [restartedMain] [o.s.scheduling.concurrent.ThreadPoolTaskExecutor] 
INFO : Initializing ExecutorService 'applicationTaskExecutor'

2020-04-30 10:30:45.378[] [restartedMain] [o.s.b.d.autoconfigure.OptionalLiveReloadServer] 
INFO : LiveReload server is running on port 35729

2020-04-30 10:30:45.403[] [restartedMain] [org.apache.coyote.http11.Http11NioProtocol] 
INFO : Starting ProtocolHandler ["http-nio-8012"]

2020-04-30 10:30:45.435[] [restartedMain] [o.s.boot.web.embedded.tomcat.TomcatWebServer] 
INFO : Tomcat started on port(s): 8012 (http) with context path ''

2020-04-30 10:30:45.439[] [restartedMain] [com.shu.crm.CrmApplication] 
INFO : Started CrmApplication in 42.667 seconds (JVM running for 48.218)

2020-04-30 10:35:55.383[] [http-nio-8012-exec-1] [o.a.c.core.ContainerBase.[Tomcat].[localhost].[/]] 
INFO : Initializing Spring DispatcherServlet 'dispatcherServlet'

2020-04-30 10:35:55.384[] [http-nio-8012-exec-1] [org.springframework.web.servlet.DispatcherServlet] 
INFO : Initializing Servlet 'dispatcherServlet'

2020-04-30 10:35:55.390[] [http-nio-8012-exec-1] [org.springframework.web.servlet.DispatcherServlet] 
INFO : Completed initialization in 6 ms

2020-04-30 10:35:55.491[] [http-nio-8012-exec-1] [com.zaxxer.hikari.HikariDataSource] 
INFO : HikariPool-1 - Starting...

2020-04-30 10:35:55.625[] [http-nio-8012-exec-1] [com.zaxxer.hikari.HikariDataSource] 
INFO : HikariPool-1 - Start completed.

2020-04-30 11:14:11.941[] [Thread-91] [o.s.scheduling.concurrent.ThreadPoolTaskExecutor] 
INFO : Shutting down ExecutorService 'applicationTaskExecutor'

2020-04-30 11:14:11.946[] [Thread-91] [com.zaxxer.hikari.HikariDataSource] 
INFO : HikariPool-1 - Shutdown initiated...

2020-04-30 11:14:11.958[] [Thread-91] [com.zaxxer.hikari.HikariDataSource] 
INFO : HikariPool-1 - Shutdown completed.

2020-04-30 11:15:49.061[] [restartedMain] [com.shu.crm.CrmApplication] 
INFO : Starting CrmApplication on chanmingdeMacBook-Pro.local with PID 33324 (/Users/chanming/github/CRM/target/classes started by chanming in /Users/chanming/github/CRM)

2020-04-30 11:15:49.062[] [restartedMain] [com.shu.crm.CrmApplication] 
INFO : The following profiles are active: dev

2020-04-30 11:15:50.828[] [restartedMain] [o.s.boot.web.embedded.tomcat.TomcatWebServer] 
INFO : Tomcat initialized with port(s): 8012 (http)

2020-04-30 11:15:50.829[] [restartedMain] [org.apache.catalina.core.StandardService] 
INFO : Starting service [Tomcat]

2020-04-30 11:15:50.829[] [restartedMain] [org.apache.catalina.core.StandardEngine] 
INFO : Starting Servlet engine: [Apache Tomcat/9.0.33]

2020-04-30 11:15:51.675[] [restartedMain] [org.apache.jasper.servlet.TldScanner] 
INFO : At least one JAR was scanned for TLDs yet contained no TLDs. Enable debug logging for this logger for a complete list of JARs that were scanned but no TLDs were found in them. Skipping unneeded JARs during scanning can improve startup time and JSP compilation time.

2020-04-30 11:15:51.677[] [restartedMain] [o.a.c.c.ContainerBase.[Tomcat-1].[localhost].[/]] 
INFO : Initializing Spring embedded WebApplicationContext

2020-04-30 11:15:51.733[] [restartedMain] [org.springframework.web.context.ContextLoader] 
INFO : Root WebApplicationContext: initialization completed in 2667 ms

2020-04-30 11:16:02.839[] [restartedMain] [o.s.scheduling.concurrent.ThreadPoolTaskExecutor] 
INFO : Initializing ExecutorService 'applicationTaskExecutor'

2020-04-30 11:16:02.935[] [restartedMain] [o.s.b.d.autoconfigure.OptionalLiveReloadServer] 
INFO : LiveReload server is running on port 35729

2020-04-30 11:16:02.955[] [restartedMain] [o.s.boot.web.embedded.tomcat.TomcatWebServer] 
INFO : Tomcat started on port(s): 8012 (http) with context path ''

2020-04-30 11:16:02.955[] [restartedMain] [com.shu.crm.CrmApplication] 
INFO : Started CrmApplication in 33.966 seconds (JVM running for 2765.833)

2020-04-30 11:16:02.957[] [restartedMain] [o.s.b.d.a.ConditionEvaluationDeltaLoggingListener] 
INFO : Condition evaluation unchanged

2020-04-30 11:19:23.171[] [SpringContextShutdownHook] [o.s.scheduling.concurrent.ThreadPoolTaskExecutor] 
INFO : Shutting down ExecutorService 'applicationTaskExecutor'

2020-04-30 11:28:32.187[] [restartedMain] [com.shu.crm.CrmApplication] 
INFO : Starting CrmApplication on chanmingdeMacBook-Pro.local with PID 34428 (/Users/chanming/github/CRM/target/classes started by chanming in /Users/chanming/github/CRM)

2020-04-30 11:28:32.188[] [restartedMain] [com.shu.crm.CrmApplication] 
INFO : The following profiles are active: dev

2020-04-30 11:28:32.236[] [restartedMain] [o.s.b.d.env.DevToolsPropertyDefaultsPostProcessor] 
INFO : Devtools property defaults active! Set 'spring.devtools.add-properties' to 'false' to disable

2020-04-30 11:28:32.236[] [restartedMain] [o.s.b.d.env.DevToolsPropertyDefaultsPostProcessor] 
INFO : For additional web related logging consider setting the 'logging.level.web' property to 'DEBUG'

2020-04-30 11:28:33.436[] [restartedMain] [o.s.boot.web.embedded.tomcat.TomcatWebServer] 
INFO : Tomcat initialized with port(s): 8012 (http)

2020-04-30 11:28:33.446[] [restartedMain] [org.apache.coyote.http11.Http11NioProtocol] 
INFO : Initializing ProtocolHandler ["http-nio-8012"]

2020-04-30 11:28:33.447[] [restartedMain] [org.apache.catalina.core.StandardService] 
INFO : Starting service [Tomcat]

2020-04-30 11:28:33.447[] [restartedMain] [org.apache.catalina.core.StandardEngine] 
INFO : Starting Servlet engine: [Apache Tomcat/9.0.33]

2020-04-30 11:28:33.770[] [restartedMain] [org.apache.jasper.servlet.TldScanner] 
INFO : At least one JAR was scanned for TLDs yet contained no TLDs. Enable debug logging for this logger for a complete list of JARs that were scanned but no TLDs were found in them. Skipping unneeded JARs during scanning can improve startup time and JSP compilation time.

2020-04-30 11:28:33.780[] [restartedMain] [o.a.c.core.ContainerBase.[Tomcat].[localhost].[/]] 
INFO : Initializing Spring embedded WebApplicationContext

2020-04-30 11:28:33.781[] [restartedMain] [org.springframework.web.context.ContextLoader] 
INFO : Root WebApplicationContext: initialization completed in 1545 ms

2020-04-30 11:28:54.639[] [restartedMain] [o.s.scheduling.concurrent.ThreadPoolTaskExecutor] 
INFO : Initializing ExecutorService 'applicationTaskExecutor'

2020-04-30 11:28:55.030[] [restartedMain] [o.s.b.d.autoconfigure.OptionalLiveReloadServer] 
INFO : LiveReload server is running on port 35729

2020-04-30 11:28:55.059[] [restartedMain] [org.apache.coyote.http11.Http11NioProtocol] 
INFO : Starting ProtocolHandler ["http-nio-8012"]

2020-04-30 11:28:55.096[] [restartedMain] [o.s.boot.web.embedded.tomcat.TomcatWebServer] 
INFO : Tomcat started on port(s): 8012 (http) with context path ''

2020-04-30 11:28:55.100[] [restartedMain] [com.shu.crm.CrmApplication] 
INFO : Started CrmApplication in 43.478 seconds (JVM running for 50.099)

2020-04-30 11:29:10.352[] [http-nio-8012-exec-1] [o.a.c.core.ContainerBase.[Tomcat].[localhost].[/]] 
INFO : Initializing Spring DispatcherServlet 'dispatcherServlet'

2020-04-30 11:29:10.353[] [http-nio-8012-exec-1] [org.springframework.web.servlet.DispatcherServlet] 
INFO : Initializing Servlet 'dispatcherServlet'

2020-04-30 11:29:10.359[] [http-nio-8012-exec-1] [org.springframework.web.servlet.DispatcherServlet] 
INFO : Completed initialization in 6 ms

2020-04-30 11:29:10.473[] [http-nio-8012-exec-1] [com.zaxxer.hikari.HikariDataSource] 
INFO : HikariPool-1 - Starting...

2020-04-30 11:29:10.615[] [http-nio-8012-exec-1] [com.zaxxer.hikari.HikariDataSource] 
INFO : HikariPool-1 - Start completed.

2020-04-30 13:45:40.755[] [Thread-91] [o.s.scheduling.concurrent.ThreadPoolTaskExecutor] 
INFO : Shutting down ExecutorService 'applicationTaskExecutor'

2020-04-30 13:45:40.758[] [Thread-91] [com.zaxxer.hikari.HikariDataSource] 
INFO : HikariPool-1 - Shutdown initiated...

2020-04-30 13:45:40.765[] [Thread-91] [com.zaxxer.hikari.HikariDataSource] 
INFO : HikariPool-1 - Shutdown completed.

2020-04-30 13:46:01.068[] [restartedMain] [com.shu.crm.CrmApplication] 
INFO : Starting CrmApplication on chanmingdeMacBook-Pro.local with PID 34428 (/Users/chanming/github/CRM/target/classes started by chanming in /Users/chanming/github/CRM)

2020-04-30 13:46:01.068[] [restartedMain] [com.shu.crm.CrmApplication] 
INFO : The following profiles are active: dev

2020-04-30 13:46:01.357[] [restartedMain] [o.s.boot.web.embedded.tomcat.TomcatWebServer] 
INFO : Tomcat initialized with port(s): 8012 (http)

2020-04-30 13:46:01.357[] [restartedMain] [org.apache.coyote.http11.Http11NioProtocol] 
INFO : Initializing ProtocolHandler ["http-nio-8012"]

2020-04-30 13:46:01.358[] [restartedMain] [org.apache.catalina.core.StandardService] 
INFO : Starting service [Tomcat]

2020-04-30 13:46:01.358[] [restartedMain] [org.apache.catalina.core.StandardEngine] 
INFO : Starting Servlet engine: [Apache Tomcat/9.0.33]

2020-04-30 13:46:01.460[] [restartedMain] [org.apache.jasper.servlet.TldScanner] 
INFO : At least one JAR was scanned for TLDs yet contained no TLDs. Enable debug logging for this logger for a complete list of JARs that were scanned but no TLDs were found in them. Skipping unneeded JARs during scanning can improve startup time and JSP compilation time.

2020-04-30 13:46:01.461[] [restartedMain] [o.a.c.core.ContainerBase.[Tomcat].[localhost].[/]] 
INFO : Initializing Spring embedded WebApplicationContext

2020-04-30 13:46:01.461[] [restartedMain] [org.springframework.web.context.ContextLoader] 
INFO : Root WebApplicationContext: initialization completed in 388 ms

2020-04-30 13:46:11.751[] [restartedMain] [o.s.scheduling.concurrent.ThreadPoolTaskExecutor] 
INFO : Initializing ExecutorService 'applicationTaskExecutor'

2020-04-30 13:46:11.865[] [restartedMain] [o.s.b.d.autoconfigure.OptionalLiveReloadServer] 
INFO : LiveReload server is running on port 35729

2020-04-30 13:46:11.880[] [restartedMain] [org.apache.coyote.http11.Http11NioProtocol] 
INFO : Starting ProtocolHandler ["http-nio-8012"]

2020-04-30 13:46:11.882[] [restartedMain] [o.s.boot.web.embedded.tomcat.TomcatWebServer] 
INFO : Tomcat started on port(s): 8012 (http) with context path ''

2020-04-30 13:46:11.883[] [restartedMain] [com.shu.crm.CrmApplication] 
INFO : Started CrmApplication in 30.87 seconds (JVM running for 5104.662)

2020-04-30 13:46:11.884[] [restartedMain] [o.s.b.d.a.ConditionEvaluationDeltaLoggingListener] 
INFO : Condition evaluation unchanged

2020-04-30 13:46:34.686[] [Thread-98] [o.s.scheduling.concurrent.ThreadPoolTaskExecutor] 
INFO : Shutting down ExecutorService 'applicationTaskExecutor'

2020-04-30 13:46:54.896[] [restartedMain] [com.shu.crm.CrmApplication] 
INFO : Starting CrmApplication on chanmingdeMacBook-Pro.local with PID 34428 (/Users/chanming/github/CRM/target/classes started by chanming in /Users/chanming/github/CRM)

2020-04-30 13:46:54.896[] [restartedMain] [com.shu.crm.CrmApplication] 
INFO : The following profiles are active: dev

2020-04-30 13:46:55.151[] [restartedMain] [o.s.boot.web.embedded.tomcat.TomcatWebServer] 
INFO : Tomcat initialized with port(s): 8012 (http)

2020-04-30 13:46:55.151[] [restartedMain] [org.apache.coyote.http11.Http11NioProtocol] 
INFO : Initializing ProtocolHandler ["http-nio-8012"]

2020-04-30 13:46:55.152[] [restartedMain] [org.apache.catalina.core.StandardService] 
INFO : Starting service [Tomcat]

2020-04-30 13:46:55.152[] [restartedMain] [org.apache.catalina.core.StandardEngine] 
INFO : Starting Servlet engine: [Apache Tomcat/9.0.33]

2020-04-30 13:46:55.237[] [restartedMain] [org.apache.jasper.servlet.TldScanner] 
INFO : At least one JAR was scanned for TLDs yet contained no TLDs. Enable debug logging for this logger for a complete list of JARs that were scanned but no TLDs were found in them. Skipping unneeded JARs during scanning can improve startup time and JSP compilation time.

2020-04-30 13:46:55.238[] [restartedMain] [o.a.c.core.ContainerBase.[Tomcat].[localhost].[/]] 
INFO : Initializing Spring embedded WebApplicationContext

2020-04-30 13:46:55.238[] [restartedMain] [org.springframework.web.context.ContextLoader] 
INFO : Root WebApplicationContext: initialization completed in 338 ms

2020-04-30 13:47:05.447[] [restartedMain] [o.s.scheduling.concurrent.ThreadPoolTaskExecutor] 
INFO : Initializing ExecutorService 'applicationTaskExecutor'

2020-04-30 13:47:05.529[] [restartedMain] [o.s.b.d.autoconfigure.OptionalLiveReloadServer] 
INFO : LiveReload server is running on port 35729

2020-04-30 13:47:05.543[] [restartedMain] [org.apache.coyote.http11.Http11NioProtocol] 
INFO : Starting ProtocolHandler ["http-nio-8012"]

2020-04-30 13:47:05.545[] [restartedMain] [o.s.boot.web.embedded.tomcat.TomcatWebServer] 
INFO : Tomcat started on port(s): 8012 (http) with context path ''

2020-04-30 13:47:05.546[] [restartedMain] [com.shu.crm.CrmApplication] 
INFO : Started CrmApplication in 30.697 seconds (JVM running for 5158.327)

2020-04-30 13:47:05.547[] [restartedMain] [o.s.b.d.a.ConditionEvaluationDeltaLoggingListener] 
INFO : Condition evaluation unchanged

2020-04-30 13:51:04.683[] [SpringContextShutdownHook] [o.s.scheduling.concurrent.ThreadPoolTaskExecutor] 
INFO : Shutting down ExecutorService 'applicationTaskExecutor'

2020-04-30 13:51:36.765[] [restartedMain] [com.shu.crm.CrmApplication] 
INFO : Starting CrmApplication on chanmingdeMacBook-Pro.local with PID 35813 (/Users/chanming/github/CRM/target/classes started by chanming in /Users/chanming/github/CRM)

2020-04-30 13:51:36.766[] [restartedMain] [com.shu.crm.CrmApplication] 
INFO : The following profiles are active: dev

2020-04-30 13:51:36.805[] [restartedMain] [o.s.b.d.env.DevToolsPropertyDefaultsPostProcessor] 
INFO : Devtools property defaults active! Set 'spring.devtools.add-properties' to 'false' to disable

2020-04-30 13:51:36.806[] [restartedMain] [o.s.b.d.env.DevToolsPropertyDefaultsPostProcessor] 
INFO : For additional web related logging consider setting the 'logging.level.web' property to 'DEBUG'

2020-04-30 13:51:37.822[] [restartedMain] [o.s.boot.web.embedded.tomcat.TomcatWebServer] 
INFO : Tomcat initialized with port(s): 8012 (http)

2020-04-30 13:51:37.831[] [restartedMain] [org.apache.coyote.http11.Http11NioProtocol] 
INFO : Initializing ProtocolHandler ["http-nio-8012"]

2020-04-30 13:51:37.832[] [restartedMain] [org.apache.catalina.core.StandardService] 
INFO : Starting service [Tomcat]

2020-04-30 13:51:37.832[] [restartedMain] [org.apache.catalina.core.StandardEngine] 
INFO : Starting Servlet engine: [Apache Tomcat/9.0.33]

2020-04-30 13:51:38.075[] [restartedMain] [org.apache.jasper.servlet.TldScanner] 
INFO : At least one JAR was scanned for TLDs yet contained no TLDs. Enable debug logging for this logger for a complete list of JARs that were scanned but no TLDs were found in them. Skipping unneeded JARs during scanning can improve startup time and JSP compilation time.

2020-04-30 13:51:38.079[] [restartedMain] [o.a.c.core.ContainerBase.[Tomcat].[localhost].[/]] 
INFO : Initializing Spring embedded WebApplicationContext

2020-04-30 13:51:38.079[] [restartedMain] [org.springframework.web.context.ContextLoader] 
INFO : Root WebApplicationContext: initialization completed in 1273 ms

2020-04-30 13:51:58.717[] [restartedMain] [o.s.scheduling.concurrent.ThreadPoolTaskExecutor] 
INFO : Initializing ExecutorService 'applicationTaskExecutor'

2020-04-30 13:51:59.046[] [restartedMain] [o.s.b.d.autoconfigure.OptionalLiveReloadServer] 
INFO : LiveReload server is running on port 35729

2020-04-30 13:51:59.072[] [restartedMain] [org.apache.coyote.http11.Http11NioProtocol] 
INFO : Starting ProtocolHandler ["http-nio-8012"]

2020-04-30 13:51:59.105[] [restartedMain] [o.s.boot.web.embedded.tomcat.TomcatWebServer] 
INFO : Tomcat started on port(s): 8012 (http) with context path ''

2020-04-30 13:51:59.109[] [restartedMain] [com.shu.crm.CrmApplication] 
INFO : Started CrmApplication in 42.806 seconds (JVM running for 48.372)

2020-04-30 13:52:17.738[] [Thread-91] [o.s.scheduling.concurrent.ThreadPoolTaskExecutor] 
INFO : Shutting down ExecutorService 'applicationTaskExecutor'

2020-04-30 13:52:53.024[] [restartedMain] [com.shu.crm.CrmApplication] 
INFO : Starting CrmApplication on chanmingdeMacBook-Pro.local with PID 35832 (/Users/chanming/github/CRM/target/classes started by chanming in /Users/chanming/github/CRM)

2020-04-30 13:52:53.025[] [restartedMain] [com.shu.crm.CrmApplication] 
INFO : The following profiles are active: dev

2020-04-30 13:52:53.071[] [restartedMain] [o.s.b.d.env.DevToolsPropertyDefaultsPostProcessor] 
INFO : Devtools property defaults active! Set 'spring.devtools.add-properties' to 'false' to disable

2020-04-30 13:52:53.072[] [restartedMain] [o.s.b.d.env.DevToolsPropertyDefaultsPostProcessor] 
INFO : For additional web related logging consider setting the 'logging.level.web' property to 'DEBUG'

2020-04-30 13:52:54.215[] [restartedMain] [o.s.boot.web.embedded.tomcat.TomcatWebServer] 
INFO : Tomcat initialized with port(s): 8012 (http)

2020-04-30 13:52:54.223[] [restartedMain] [org.apache.coyote.http11.Http11NioProtocol] 
INFO : Initializing ProtocolHandler ["http-nio-8012"]

2020-04-30 13:52:54.224[] [restartedMain] [org.apache.catalina.core.StandardService] 
INFO : Starting service [Tomcat]

2020-04-30 13:52:54.224[] [restartedMain] [org.apache.catalina.core.StandardEngine] 
INFO : Starting Servlet engine: [Apache Tomcat/9.0.33]

2020-04-30 13:52:54.497[] [restartedMain] [org.apache.jasper.servlet.TldScanner] 
INFO : At least one JAR was scanned for TLDs yet contained no TLDs. Enable debug logging for this logger for a complete list of JARs that were scanned but no TLDs were found in them. Skipping unneeded JARs during scanning can improve startup time and JSP compilation time.

2020-04-30 13:52:54.501[] [restartedMain] [o.a.c.core.ContainerBase.[Tomcat].[localhost].[/]] 
INFO : Initializing Spring embedded WebApplicationContext

2020-04-30 13:52:54.501[] [restartedMain] [org.springframework.web.context.ContextLoader] 
INFO : Root WebApplicationContext: initialization completed in 1429 ms

2020-04-30 13:53:15.222[] [restartedMain] [o.s.scheduling.concurrent.ThreadPoolTaskExecutor] 
INFO : Initializing ExecutorService 'applicationTaskExecutor'

2020-04-30 13:53:15.597[] [restartedMain] [o.s.b.d.autoconfigure.OptionalLiveReloadServer] 
INFO : LiveReload server is running on port 35729

2020-04-30 13:53:15.625[] [restartedMain] [org.apache.coyote.http11.Http11NioProtocol] 
INFO : Starting ProtocolHandler ["http-nio-8012"]

2020-04-30 13:53:15.660[] [restartedMain] [o.s.boot.web.embedded.tomcat.TomcatWebServer] 
INFO : Tomcat started on port(s): 8012 (http) with context path ''

2020-04-30 13:53:15.664[] [restartedMain] [com.shu.crm.CrmApplication] 
INFO : Started CrmApplication in 43.092 seconds (JVM running for 48.673)

2020-04-30 13:53:19.232[] [http-nio-8012-exec-1] [o.a.c.core.ContainerBase.[Tomcat].[localhost].[/]] 
INFO : Initializing Spring DispatcherServlet 'dispatcherServlet'

2020-04-30 13:53:19.233[] [http-nio-8012-exec-1] [org.springframework.web.servlet.DispatcherServlet] 
INFO : Initializing Servlet 'dispatcherServlet'

2020-04-30 13:53:19.240[] [http-nio-8012-exec-1] [org.springframework.web.servlet.DispatcherServlet] 
INFO : Completed initialization in 7 ms

2020-04-30 13:53:22.673[] [http-nio-8012-exec-4] [com.zaxxer.hikari.HikariDataSource] 
INFO : HikariPool-1 - Starting...

2020-04-30 13:53:22.807[] [http-nio-8012-exec-4] [com.zaxxer.hikari.HikariDataSource] 
INFO : HikariPool-1 - Start completed.

2020-04-30 14:31:40.971[] [SpringContextShutdownHook] [o.s.scheduling.concurrent.ThreadPoolTaskExecutor] 
INFO : Shutting down ExecutorService 'applicationTaskExecutor'

2020-04-30 14:31:40.973[] [SpringContextShutdownHook] [com.zaxxer.hikari.HikariDataSource] 
INFO : HikariPool-1 - Shutdown initiated...

2020-04-30 14:31:40.977[] [SpringContextShutdownHook] [com.zaxxer.hikari.HikariDataSource] 
INFO : HikariPool-1 - Shutdown completed.
